2/7/2017 11:01:31 PM: [38] krs(tpx) BTT - Exception: MySql.Data.MySqlClient.MySqlException (0x80004005): There is already an open DataReader associated with this Connection which must be closed first.
   at MySql.Data.MySqlClient.ExceptionInterceptor.Throw(Exception exception)
   at MySql.Data.MySqlClient.MySqlConnection.Throw(Exception ex)
   at MySql.Data.MySqlClient.MySqlCommand.CheckState()
   at MySql.Data.MySqlClient.MySqlCommand.ExecuteReader(CommandBehavior behavior)
   at MySql.Data.MySqlClient.MySqlCommand.ExecuteScalar()
   at DRS_InSim.SQLInfo.update_firstplace(String value) in C:\Users\Peter Pan\Desktop\DRS InSim\DRS InSim\DRS InSim\SQL.cs:line 149
   at DRS_InSim.Form1.ButtonType(InSim insim, IS_BTT BTT) in C:\Users\Peter Pan\Desktop\DRS InSim\DRS InSim\DRS InSim\Form1.cs:line 547
2/7/2017 11:01:40 PM: [38] krs(tpx) BTT - Exception: MySql.Data.MySqlClient.MySqlException (0x80004005): There is already an open DataReader associated with this Connection which must be closed first.
   at MySql.Data.MySqlClient.ExceptionInterceptor.Throw(Exception exception)
   at MySql.Data.MySqlClient.MySqlConnection.Throw(Exception ex)
   at MySql.Data.MySqlClient.MySqlCommand.CheckState()
   at MySql.Data.MySqlClient.MySqlCommand.ExecuteReader(CommandBehavior behavior)
   at MySql.Data.MySqlClient.MySqlCommand.ExecuteReader()
   at DRS_InSim.SQLInfo.update_firstplace(String value) in C:\Users\Peter Pan\Desktop\DRS InSim\DRS InSim\DRS InSim\SQL.cs:line 143
   at DRS_InSim.Form1.ButtonType(InSim insim, IS_BTT BTT) in C:\Users\Peter Pan\Desktop\DRS InSim\DRS InSim\DRS InSim\Form1.cs:line 547
2/7/2017 11:01:52 PM: [38] krs(tpx) BTT - Exception: MySql.Data.MySqlClient.MySqlException (0x80004005): There is already an open DataReader associated with this Connection which must be closed first.
   at MySql.Data.MySqlClient.ExceptionInterceptor.Throw(Exception exception)
   at MySql.Data.MySqlClient.MySqlConnection.Throw(Exception ex)
   at MySql.Data.MySqlClient.MySqlCommand.CheckState()
   at MySql.Data.MySqlClient.MySqlCommand.ExecuteReader(CommandBehavior behavior)
   at MySql.Data.MySqlClient.MySqlCommand.ExecuteReader()
   at DRS_InSim.SQLInfo.update_firstplace(String value) in C:\Users\Peter Pan\Desktop\DRS InSim\DRS InSim\DRS InSim\SQL.cs:line 143
   at DRS_InSim.Form1.ButtonType(InSim insim, IS_BTT BTT) in C:\Users\Peter Pan\Desktop\DRS InSim\DRS InSim\DRS InSim\Form1.cs:line 547
2/7/2017 11:02:20 PM: [38] krs(tpx) BTT - Exception: MySql.Data.MySqlClient.MySqlException (0x80004005): There is already an open DataReader associated with this Connection which must be closed first.
   at MySql.Data.MySqlClient.ExceptionInterceptor.Throw(Exception exception)
   at MySql.Data.MySqlClient.MySqlConnection.Throw(Exception ex)
   at MySql.Data.MySqlClient.MySqlCommand.CheckState()
   at MySql.Data.MySqlClient.MySqlCommand.ExecuteReader(CommandBehavior behavior)
   at MySql.Data.MySqlClient.MySqlCommand.ExecuteReader()
   at DRS_InSim.SQLInfo.update_firstplace(String value) in C:\Users\Peter Pan\Desktop\DRS InSim\DRS InSim\DRS InSim\SQL.cs:line 143
   at DRS_InSim.Form1.ButtonType(InSim insim, IS_BTT BTT) in C:\Users\Peter Pan\Desktop\DRS InSim\DRS InSim\DRS InSim\Form1.cs:line 547
2/7/2017 11:02:23 PM: [38] krs(tpx) BTT - Exception: MySql.Data.MySqlClient.MySqlException (0x80004005): There is already an open DataReader associated with this Connection which must be closed first.
   at MySql.Data.MySqlClient.ExceptionInterceptor.Throw(Exception exception)
   at MySql.Data.MySqlClient.MySqlConnection.Throw(Exception ex)
   at MySql.Data.MySqlClient.MySqlCommand.CheckState()
   at MySql.Data.MySqlClient.MySqlCommand.ExecuteReader(CommandBehavior behavior)
   at MySql.Data.MySqlClient.MySqlCommand.ExecuteReader()
   at DRS_InSim.SQLInfo.update_firstplace(String value) in C:\Users\Peter Pan\Desktop\DRS InSim\DRS InSim\DRS InSim\SQL.cs:line 143
   at DRS_InSim.Form1.ButtonType(InSim insim, IS_BTT BTT) in C:\Users\Peter Pan\Desktop\DRS InSim\DRS InSim\DRS InSim\Form1.cs:line 547
2/7/2017 11:02:34 PM: [38] krs(tpx) BTT - Exception: MySql.Data.MySqlClient.MySqlException (0x80004005): There is already an open DataReader associated with this Connection which must be closed first.
   at MySql.Data.MySqlClient.ExceptionInterceptor.Throw(Exception exception)
   at MySql.Data.MySqlClient.MySqlConnection.Throw(Exception ex)
   at MySql.Data.MySqlClient.MySqlCommand.CheckState()
   at MySql.Data.MySqlClient.MySqlCommand.ExecuteReader(CommandBehavior behavior)
   at MySql.Data.MySqlClient.MySqlCommand.ExecuteReader()
   at DRS_InSim.SQLInfo.update_firstplace(String value) in C:\Users\Peter Pan\Desktop\DRS InSim\DRS InSim\DRS InSim\SQL.cs:line 143
   at DRS_InSim.Form1.ButtonType(InSim insim, IS_BTT BTT) in C:\Users\Peter Pan\Desktop\DRS InSim\DRS InSim\DRS InSim\Form1.cs:line 547
2/7/2017 11:04:24 PM: [38] krs(tpx) BTT - Exception: MySql.Data.MySqlClient.MySqlException (0x80004005): There is already an open DataReader associated with this Connection which must be closed first.
   at MySql.Data.MySqlClient.ExceptionInterceptor.Throw(Exception exception)
   at MySql.Data.MySqlClient.MySqlConnection.Throw(Exception ex)
   at MySql.Data.MySqlClient.MySqlCommand.CheckState()
   at MySql.Data.MySqlClient.MySqlCommand.ExecuteReader(CommandBehavior behavior)
   at MySql.Data.MySqlClient.MySqlCommand.ExecuteScalar()
   at DRS_InSim.SQLInfo.update_firstplace(String value) in C:\Users\Peter Pan\Desktop\DRS InSim\DRS InSim\DRS InSim\SQL.cs:line 149
   at DRS_InSim.Form1.ButtonType(InSim insim, IS_BTT BTT) in C:\Users\Peter Pan\Desktop\DRS InSim\DRS InSim\DRS InSim\Form1.cs:line 547
2/7/2017 11:06:28 PM: MCI - Exception: System.NullReferenceException: Object reference not set to an instance of an object.
   at DRS_InSim.Form1.MultiCarInfo(InSim insim, IS_MCI mci) in C:\Users\Peter Pan\Desktop\DRS InSim\DRS InSim\DRS InSim\Form1.cs:line 472
2/7/2017 11:08:18 PM: CNL - Exception: MySql.Data.MySqlClient.MySqlException (0x80004005): There is already an open DataReader associated with this Connection which must be closed first.
   at MySql.Data.MySqlClient.ExceptionInterceptor.Throw(Exception exception)
   at MySql.Data.MySqlClient.MySqlConnection.Throw(Exception ex)
   at MySql.Data.MySqlClient.MySqlCommand.CheckState()
   at MySql.Data.MySqlClient.MySqlCommand.ExecuteReader(CommandBehavior behavior)
   at MySql.Data.MySqlClient.MySqlCommand.ExecuteNonQuery()
   at DRS_InSim.SQLInfo.Query(String str) in C:\Users\Peter Pan\Desktop\DRS InSim\DRS InSim\DRS InSim\SQL.cs:line 48
   at DRS_InSim.SQLInfo.UpdateUser(String username, String nickname, Int32 distance, Int32 points) in C:\Users\Peter Pan\Desktop\DRS InSim\DRS InSim\DRS InSim\SQL.cs:line 160
   at DRS_InSim.Form1.ConnectionLeave(InSim insim, IS_CNL CNL) in C:\Users\Peter Pan\Desktop\DRS InSim\DRS InSim\DRS InSim\Form1.cs:line 448
2/7/2017 11:08:41 PM: MCI - Exception: System.NullReferenceException: Object reference not set to an instance of an object.
   at DRS_InSim.Form1.MultiCarInfo(InSim insim, IS_MCI mci) in C:\Users\Peter Pan\Desktop\DRS InSim\DRS InSim\DRS InSim\Form1.cs:line 472
2/7/2017 11:40:08 PM: MCI - Exception: System.NullReferenceException: Object reference not set to an instance of an object.
   at DRS_InSim.Form1.MultiCarInfo(InSim insim, IS_MCI mci) in C:\Users\Peter Pan\Desktop\DRS InSim\DRS InSim\DRS InSim\Form1.cs:line 472
2/8/2017 12:11:26 AM: MCI - Exception: System.NullReferenceException: Object reference not set to an instance of an object.
   at DRS_InSim.Form1.MultiCarInfo(InSim insim, IS_MCI mci) in C:\Users\Peter Pan\Desktop\DRS InSim\DRS InSim\DRS InSim\Form1.cs:line 472
2/8/2017 12:12:18 AM: MCI - Exception: System.NullReferenceException: Object reference not set to an instance of an object.
   at DRS_InSim.Form1.MultiCarInfo(InSim insim, IS_MCI mci) in C:\Users\Peter Pan\Desktop\DRS InSim\DRS InSim\DRS InSim\Form1.cs:line 472
2/8/2017 12:13:04 AM: MCI - Exception: System.NullReferenceException: Object reference not set to an instance of an object.
   at DRS_InSim.Form1.MultiCarInfo(InSim insim, IS_MCI mci) in C:\Users\Peter Pan\Desktop\DRS InSim\DRS InSim\DRS InSim\Form1.cs:line 472
2/8/2017 10:54:28 AM: MCI - Exception: System.NullReferenceException: Object reference not set to an instance of an object.
   at DRS_InSim.Form1.MultiCarInfo(InSim insim, IS_MCI mci) in C:\Users\Peter Pan\Desktop\DRS InSim\DRS InSim\DRS InSim\Form1.cs:line 472
2/8/2017 10:56:40 AM: MCI - Exception: System.NullReferenceException: Object reference not set to an instance of an object.
   at DRS_InSim.Form1.MultiCarInfo(InSim insim, IS_MCI mci) in C:\Users\Peter Pan\Desktop\DRS InSim\DRS InSim\DRS InSim\Form1.cs:line 472
2/8/2017 10:59:25 AM: MCI - Exception: System.NullReferenceException: Object reference not set to an instance of an object.
   at DRS_InSim.Form1.MultiCarInfo(InSim insim, IS_MCI mci) in C:\Users\Peter Pan\Desktop\DRS InSim\DRS InSim\DRS InSim\Form1.cs:line 472
2/8/2017 11:18:24 AM: MCI - Exception: System.NullReferenceException: Object reference not set to an instance of an object.
   at DRS_InSim.Form1.MultiCarInfo(InSim insim, IS_MCI mci) in C:\Users\Peter Pan\Desktop\DRS InSim\DRS InSim\DRS InSim\Form1.cs:line 472
2/8/2017 10:26:33 PM: MCI - Exception: System.NullReferenceException: Object reference not set to an instance of an object.
   at DRS_InSim.Form1.MultiCarInfo(InSim insim, IS_MCI mci) in C:\Users\Peter Pan\Desktop\DRS-Repo-master\DRS InSim\DRS InSim\DRS InSim\Form1.cs:line 478
2/8/2017 10:28:36 PM: MCI - Exception: System.NullReferenceException: Object reference not set to an instance of an object.
   at DRS_InSim.Form1.MultiCarInfo(InSim insim, IS_MCI mci) in C:\Users\Peter Pan\Desktop\DRS-Repo-master\DRS InSim\DRS InSim\DRS InSim\Form1.cs:line 478
2/8/2017 10:29:03 PM: MCI - Exception: System.NullReferenceException: Object reference not set to an instance of an object.
   at DRS_InSim.Form1.MultiCarInfo(InSim insim, IS_MCI mci) in C:\Users\Peter Pan\Desktop\DRS-Repo-master\DRS InSim\DRS InSim\DRS InSim\Form1.cs:line 478
2/8/2017 10:39:09 PM: MCI - Exception: System.NullReferenceException: Object reference not set to an instance of an object.
   at DRS_InSim.Form1.MultiCarInfo(InSim insim, IS_MCI mci) in C:\Users\Peter Pan\Desktop\DRS-Repo-master\DRS InSim\DRS InSim\DRS InSim\Form1.cs:line 479
2/8/2017 10:41:27 PM: MCI - Exception: System.FormatException: Input string was not in a correct format.
   at System.Text.StringBuilder.AppendFormatHelper(IFormatProvider provider, String format, ParamsArray args)
   at System.String.FormatHelper(IFormatProvider provider, String format, ParamsArray args)
   at System.String.Format(String format, Object arg0)
   at DRS_InSim.Form1.UpdateGui(Byte UCID, Boolean main) in C:\Users\Peter Pan\Desktop\DRS-Repo-master\DRS InSim\DRS InSim\DRS InSim\Form1.cs:line 659
   at DRS_InSim.Form1.MultiCarInfo(InSim insim, IS_MCI mci) in C:\Users\Peter Pan\Desktop\DRS-Repo-master\DRS InSim\DRS InSim\DRS InSim\Form1.cs:line 500
2/8/2017 10:41:27 PM: MCI - Exception: System.FormatException: Input string was not in a correct format.
   at System.Text.StringBuilder.AppendFormatHelper(IFormatProvider provider, String format, ParamsArray args)
   at System.String.FormatHelper(IFormatProvider provider, String format, ParamsArray args)
   at System.String.Format(String format, Object arg0)
   at DRS_InSim.Form1.UpdateGui(Byte UCID, Boolean main) in C:\Users\Peter Pan\Desktop\DRS-Repo-master\DRS InSim\DRS InSim\DRS InSim\Form1.cs:line 659
   at DRS_InSim.Form1.MultiCarInfo(InSim insim, IS_MCI mci) in C:\Users\Peter Pan\Desktop\DRS-Repo-master\DRS InSim\DRS InSim\DRS InSim\Form1.cs:line 500
2/8/2017 10:41:27 PM: MCI - Exception: System.FormatException: Input string was not in a correct format.
   at System.Text.StringBuilder.AppendFormatHelper(IFormatProvider provider, String format, ParamsArray args)
   at System.String.FormatHelper(IFormatProvider provider, String format, ParamsArray args)
   at System.String.Format(String format, Object arg0)
   at DRS_InSim.Form1.UpdateGui(Byte UCID, Boolean main) in C:\Users\Peter Pan\Desktop\DRS-Repo-master\DRS InSim\DRS InSim\DRS InSim\Form1.cs:line 659
   at DRS_InSim.Form1.MultiCarInfo(InSim insim, IS_MCI mci) in C:\Users\Peter Pan\Desktop\DRS-Repo-master\DRS InSim\DRS InSim\DRS InSim\Form1.cs:line 500
2/8/2017 10:41:28 PM: MCI - Exception: System.FormatException: Input string was not in a correct format.
   at System.Text.StringBuilder.AppendFormatHelper(IFormatProvider provider, String format, ParamsArray args)
   at System.String.FormatHelper(IFormatProvider provider, String format, ParamsArray args)
   at System.String.Format(String format, Object arg0)
   at DRS_InSim.Form1.UpdateGui(Byte UCID, Boolean main) in C:\Users\Peter Pan\Desktop\DRS-Repo-master\DRS InSim\DRS InSim\DRS InSim\Form1.cs:line 659
   at DRS_InSim.Form1.MultiCarInfo(InSim insim, IS_MCI mci) in C:\Users\Peter Pan\Desktop\DRS-Repo-master\DRS InSim\DRS InSim\DRS InSim\Form1.cs:line 500
2/8/2017 10:41:28 PM: MCI - Exception: System.FormatException: Input string was not in a correct format.
   at System.Text.StringBuilder.AppendFormatHelper(IFormatProvider provider, String format, ParamsArray args)
   at System.String.FormatHelper(IFormatProvider provider, String format, ParamsArray args)
   at System.String.Format(String format, Object arg0)
   at DRS_InSim.Form1.UpdateGui(Byte UCID, Boolean main) in C:\Users\Peter Pan\Desktop\DRS-Repo-master\DRS InSim\DRS InSim\DRS InSim\Form1.cs:line 659
   at DRS_InSim.Form1.MultiCarInfo(InSim insim, IS_MCI mci) in C:\Users\Peter Pan\Desktop\DRS-Repo-master\DRS InSim\DRS InSim\DRS InSim\Form1.cs:line 500
2/8/2017 10:41:29 PM: MCI - Exception: System.FormatException: Input string was not in a correct format.
   at System.Text.StringBuilder.AppendFormatHelper(IFormatProvider provider, String format, ParamsArray args)
   at System.String.FormatHelper(IFormatProvider provider, String format, ParamsArray args)
   at System.String.Format(String format, Object arg0)
   at DRS_InSim.Form1.UpdateGui(Byte UCID, Boolean main) in C:\Users\Peter Pan\Desktop\DRS-Repo-master\DRS InSim\DRS InSim\DRS InSim\Form1.cs:line 659
   at DRS_InSim.Form1.MultiCarInfo(InSim insim, IS_MCI mci) in C:\Users\Peter Pan\Desktop\DRS-Repo-master\DRS InSim\DRS InSim\DRS InSim\Form1.cs:line 500
2/8/2017 10:41:29 PM: MCI - Exception: System.FormatException: Input string was not in a correct format.
   at System.Text.StringBuilder.AppendFormatHelper(IFormatProvider provider, String format, ParamsArray args)
   at System.String.FormatHelper(IFormatProvider provider, String format, ParamsArray args)
   at System.String.Format(String format, Object arg0)
   at DRS_InSim.Form1.UpdateGui(Byte UCID, Boolean main) in C:\Users\Peter Pan\Desktop\DRS-Repo-master\DRS InSim\DRS InSim\DRS InSim\Form1.cs:line 659
   at DRS_InSim.Form1.MultiCarInfo(InSim insim, IS_MCI mci) in C:\Users\Peter Pan\Desktop\DRS-Repo-master\DRS InSim\DRS InSim\DRS InSim\Form1.cs:line 500
2/8/2017 10:41:30 PM: MCI - Exception: System.FormatException: Input string was not in a correct format.
   at System.Text.StringBuilder.AppendFormatHelper(IFormatProvider provider, String format, ParamsArray args)
   at System.String.FormatHelper(IFormatProvider provider, String format, ParamsArray args)
   at System.String.Format(String format, Object arg0)
   at DRS_InSim.Form1.UpdateGui(Byte UCID, Boolean main) in C:\Users\Peter Pan\Desktop\DRS-Repo-master\DRS InSim\DRS InSim\DRS InSim\Form1.cs:line 659
   at DRS_InSim.Form1.MultiCarInfo(InSim insim, IS_MCI mci) in C:\Users\Peter Pan\Desktop\DRS-Repo-master\DRS InSim\DRS InSim\DRS InSim\Form1.cs:line 500
2/8/2017 10:41:30 PM: MCI - Exception: System.FormatException: Input string was not in a correct format.
   at System.Text.StringBuilder.AppendFormatHelper(IFormatProvider provider, String format, ParamsArray args)
   at System.String.FormatHelper(IFormatProvider provider, String format, ParamsArray args)
   at System.String.Format(String format, Object arg0)
   at DRS_InSim.Form1.UpdateGui(Byte UCID, Boolean main) in C:\Users\Peter Pan\Desktop\DRS-Repo-master\DRS InSim\DRS InSim\DRS InSim\Form1.cs:line 659
   at DRS_InSim.Form1.MultiCarInfo(InSim insim, IS_MCI mci) in C:\Users\Peter Pan\Desktop\DRS-Repo-master\DRS InSim\DRS InSim\DRS InSim\Form1.cs:line 500
2/8/2017 10:41:31 PM: MCI - Exception: System.FormatException: Input string was not in a correct format.
   at System.Text.StringBuilder.AppendFormatHelper(IFormatProvider provider, String format, ParamsArray args)
   at System.String.FormatHelper(IFormatProvider provider, String format, ParamsArray args)
   at System.String.Format(String format, Object arg0)
   at DRS_InSim.Form1.UpdateGui(Byte UCID, Boolean main) in C:\Users\Peter Pan\Desktop\DRS-Repo-master\DRS InSim\DRS InSim\DRS InSim\Form1.cs:line 659
   at DRS_InSim.Form1.MultiCarInfo(InSim insim, IS_MCI mci) in C:\Users\Peter Pan\Desktop\DRS-Repo-master\DRS InSim\DRS InSim\DRS InSim\Form1.cs:line 500
2/8/2017 10:41:31 PM: MCI - Exception: System.FormatException: Input string was not in a correct format.
   at System.Text.StringBuilder.AppendFormatHelper(IFormatProvider provider, String format, ParamsArray args)
   at System.String.FormatHelper(IFormatProvider provider, String format, ParamsArray args)
   at System.String.Format(String format, Object arg0)
   at DRS_InSim.Form1.UpdateGui(Byte UCID, Boolean main) in C:\Users\Peter Pan\Desktop\DRS-Repo-master\DRS InSim\DRS InSim\DRS InSim\Form1.cs:line 659
   at DRS_InSim.Form1.MultiCarInfo(InSim insim, IS_MCI mci) in C:\Users\Peter Pan\Desktop\DRS-Repo-master\DRS InSim\DRS InSim\DRS InSim\Form1.cs:line 500
2/8/2017 10:41:32 PM: [31] Kriss(tpx) BFN - Exception: System.FormatException: Input string was not in a correct format.
   at System.Text.StringBuilder.AppendFormatHelper(IFormatProvider provider, String format, ParamsArray args)
   at System.String.FormatHelper(IFormatProvider provider, String format, ParamsArray args)
   at System.String.Format(String format, Object arg0)
   at DRS_InSim.Form1.UpdateGui(Byte UCID, Boolean main) in C:\Users\Peter Pan\Desktop\DRS-Repo-master\DRS InSim\DRS InSim\DRS InSim\Form1.cs:line 659
   at DRS_InSim.Form1.ClearButtons(InSim insim, IS_BFN BFN) in C:\Users\Peter Pan\Desktop\DRS-Repo-master\DRS InSim\DRS InSim\DRS InSim\Form1.cs:line 516
2/8/2017 10:41:32 PM: MCI - Exception: System.FormatException: Input string was not in a correct format.
   at System.Text.StringBuilder.AppendFormatHelper(IFormatProvider provider, String format, ParamsArray args)
   at System.String.FormatHelper(IFormatProvider provider, String format, ParamsArray args)
   at System.String.Format(String format, Object arg0)
   at DRS_InSim.Form1.UpdateGui(Byte UCID, Boolean main) in C:\Users\Peter Pan\Desktop\DRS-Repo-master\DRS InSim\DRS InSim\DRS InSim\Form1.cs:line 659
   at DRS_InSim.Form1.MultiCarInfo(InSim insim, IS_MCI mci) in C:\Users\Peter Pan\Desktop\DRS-Repo-master\DRS InSim\DRS InSim\DRS InSim\Form1.cs:line 500
2/8/2017 10:41:32 PM: MCI - Exception: System.FormatException: Input string was not in a correct format.
   at System.Text.StringBuilder.AppendFormatHelper(IFormatProvider provider, String format, ParamsArray args)
   at System.String.FormatHelper(IFormatProvider provider, String format, ParamsArray args)
   at System.String.Format(String format, Object arg0)
   at DRS_InSim.Form1.UpdateGui(Byte UCID, Boolean main) in C:\Users\Peter Pan\Desktop\DRS-Repo-master\DRS InSim\DRS InSim\DRS InSim\Form1.cs:line 659
   at DRS_InSim.Form1.MultiCarInfo(InSim insim, IS_MCI mci) in C:\Users\Peter Pan\Desktop\DRS-Repo-master\DRS InSim\DRS InSim\DRS InSim\Form1.cs:line 500
2/8/2017 10:41:33 PM: MCI - Exception: System.FormatException: Input string was not in a correct format.
   at System.Text.StringBuilder.AppendFormatHelper(IFormatProvider provider, String format, ParamsArray args)
   at System.String.FormatHelper(IFormatProvider provider, String format, ParamsArray args)
   at System.String.Format(String format, Object arg0)
   at DRS_InSim.Form1.UpdateGui(Byte UCID, Boolean main) in C:\Users\Peter Pan\Desktop\DRS-Repo-master\DRS InSim\DRS InSim\DRS InSim\Form1.cs:line 659
   at DRS_InSim.Form1.MultiCarInfo(InSim insim, IS_MCI mci) in C:\Users\Peter Pan\Desktop\DRS-Repo-master\DRS InSim\DRS InSim\DRS InSim\Form1.cs:line 500
2/8/2017 10:41:33 PM: MCI - Exception: System.FormatException: Input string was not in a correct format.
   at System.Text.StringBuilder.AppendFormatHelper(IFormatProvider provider, String format, ParamsArray args)
   at System.String.FormatHelper(IFormatProvider provider, String format, ParamsArray args)
   at System.String.Format(String format, Object arg0)
   at DRS_InSim.Form1.UpdateGui(Byte UCID, Boolean main) in C:\Users\Peter Pan\Desktop\DRS-Repo-master\DRS InSim\DRS InSim\DRS InSim\Form1.cs:line 659
   at DRS_InSim.Form1.MultiCarInfo(InSim insim, IS_MCI mci) in C:\Users\Peter Pan\Desktop\DRS-Repo-master\DRS InSim\DRS InSim\DRS InSim\Form1.cs:line 500
2/8/2017 10:49:17 PM: MCI - Exception: System.NullReferenceException: Object reference not set to an instance of an object.
   at DRS_InSim.Form1.MultiCarInfo(InSim insim, IS_MCI mci) in C:\Users\Peter Pan\Desktop\DRS-Repo-master\DRS InSim\DRS InSim\DRS InSim\Form1.cs:line 479
2/8/2017 10:49:17 PM: MCI - Exception: System.NullReferenceException: Object reference not set to an instance of an object.
   at DRS_InSim.Form1.MultiCarInfo(InSim insim, IS_MCI mci) in C:\Users\Peter Pan\Desktop\DRS-Repo-master\DRS InSim\DRS InSim\DRS InSim\Form1.cs:line 479
2/8/2017 10:49:17 PM: MCI - Exception: System.NullReferenceException: Object reference not set to an instance of an object.
   at DRS_InSim.Form1.MultiCarInfo(InSim insim, IS_MCI mci) in C:\Users\Peter Pan\Desktop\DRS-Repo-master\DRS InSim\DRS InSim\DRS InSim\Form1.cs:line 479
2/8/2017 10:50:42 PM: MCI - Exception: System.NullReferenceException: Object reference not set to an instance of an object.
   at DRS_InSim.Form1.MultiCarInfo(InSim insim, IS_MCI mci) in C:\Users\Peter Pan\Desktop\DRS-Repo-master\DRS InSim\DRS InSim\DRS InSim\Form1.cs:line 479
2/8/2017 10:50:42 PM: MCI - Exception: System.NullReferenceException: Object reference not set to an instance of an object.
   at DRS_InSim.Form1.MultiCarInfo(InSim insim, IS_MCI mci) in C:\Users\Peter Pan\Desktop\DRS-Repo-master\DRS InSim\DRS InSim\DRS InSim\Form1.cs:line 479
2/8/2017 10:50:43 PM: MCI - Exception: System.NullReferenceException: Object reference not set to an instance of an object.
   at DRS_InSim.Form1.MultiCarInfo(InSim insim, IS_MCI mci) in C:\Users\Peter Pan\Desktop\DRS-Repo-master\DRS InSim\DRS InSim\DRS InSim\Form1.cs:line 479
2/8/2017 10:50:43 PM: MCI - Exception: System.NullReferenceException: Object reference not set to an instance of an object.
   at DRS_InSim.Form1.MultiCarInfo(InSim insim, IS_MCI mci) in C:\Users\Peter Pan\Desktop\DRS-Repo-master\DRS InSim\DRS InSim\DRS InSim\Form1.cs:line 479
2/8/2017 10:50:43 PM: MCI - Exception: System.NullReferenceException: Object reference not set to an instance of an object.
   at DRS_InSim.Form1.MultiCarInfo(InSim insim, IS_MCI mci) in C:\Users\Peter Pan\Desktop\DRS-Repo-master\DRS InSim\DRS InSim\DRS InSim\Form1.cs:line 479
2/8/2017 10:50:43 PM: MCI - Exception: System.NullReferenceException: Object reference not set to an instance of an object.
   at DRS_InSim.Form1.MultiCarInfo(InSim insim, IS_MCI mci) in C:\Users\Peter Pan\Desktop\DRS-Repo-master\DRS InSim\DRS InSim\DRS InSim\Form1.cs:line 479
2/8/2017 10:50:43 PM: MCI - Exception: System.NullReferenceException: Object reference not set to an instance of an object.
   at DRS_InSim.Form1.MultiCarInfo(InSim insim, IS_MCI mci) in C:\Users\Peter Pan\Desktop\DRS-Repo-master\DRS InSim\DRS InSim\DRS InSim\Form1.cs:line 479
2/8/2017 10:50:43 PM: MCI - Exception: System.NullReferenceException: Object reference not set to an instance of an object.
   at DRS_InSim.Form1.MultiCarInfo(InSim insim, IS_MCI mci) in C:\Users\Peter Pan\Desktop\DRS-Repo-master\DRS InSim\DRS InSim\DRS InSim\Form1.cs:line 479
2/8/2017 10:50:43 PM: MCI - Exception: System.NullReferenceException: Object reference not set to an instance of an object.
   at DRS_InSim.Form1.MultiCarInfo(InSim insim, IS_MCI mci) in C:\Users\Peter Pan\Desktop\DRS-Repo-master\DRS InSim\DRS InSim\DRS InSim\Form1.cs:line 479
2/8/2017 10:52:39 PM: MCI - Exception: System.NullReferenceException: Object reference not set to an instance of an object.
   at DRS_InSim.Form1.MultiCarInfo(InSim insim, IS_MCI mci) in C:\Users\Peter Pan\Desktop\DRS-Repo-master\DRS InSim\DRS InSim\DRS InSim\Form1.cs:line 479
2/8/2017 10:52:39 PM: MCI - Exception: System.NullReferenceException: Object reference not set to an instance of an object.
   at DRS_InSim.Form1.MultiCarInfo(InSim insim, IS_MCI mci) in C:\Users\Peter Pan\Desktop\DRS-Repo-master\DRS InSim\DRS InSim\DRS InSim\Form1.cs:line 479
2/8/2017 10:52:39 PM: MCI - Exception: System.NullReferenceException: Object reference not set to an instance of an object.
   at DRS_InSim.Form1.MultiCarInfo(InSim insim, IS_MCI mci) in C:\Users\Peter Pan\Desktop\DRS-Repo-master\DRS InSim\DRS InSim\DRS InSim\Form1.cs:line 479
2/8/2017 10:52:39 PM: MCI - Exception: System.NullReferenceException: Object reference not set to an instance of an object.
   at DRS_InSim.Form1.MultiCarInfo(InSim insim, IS_MCI mci) in C:\Users\Peter Pan\Desktop\DRS-Repo-master\DRS InSim\DRS InSim\DRS InSim\Form1.cs:line 479
2/8/2017 10:52:39 PM: MCI - Exception: System.NullReferenceException: Object reference not set to an instance of an object.
   at DRS_InSim.Form1.MultiCarInfo(InSim insim, IS_MCI mci) in C:\Users\Peter Pan\Desktop\DRS-Repo-master\DRS InSim\DRS InSim\DRS InSim\Form1.cs:line 479
2/8/2017 10:52:39 PM: MCI - Exception: System.NullReferenceException: Object reference not set to an instance of an object.
   at DRS_InSim.Form1.MultiCarInfo(InSim insim, IS_MCI mci) in C:\Users\Peter Pan\Desktop\DRS-Repo-master\DRS InSim\DRS InSim\DRS InSim\Form1.cs:line 479
2/8/2017 10:52:39 PM: MCI - Exception: System.NullReferenceException: Object reference not set to an instance of an object.
   at DRS_InSim.Form1.MultiCarInfo(InSim insim, IS_MCI mci) in C:\Users\Peter Pan\Desktop\DRS-Repo-master\DRS InSim\DRS InSim\DRS InSim\Form1.cs:line 479
2/8/2017 10:52:39 PM: MCI - Exception: System.NullReferenceException: Object reference not set to an instance of an object.
   at DRS_InSim.Form1.MultiCarInfo(InSim insim, IS_MCI mci) in C:\Users\Peter Pan\Desktop\DRS-Repo-master\DRS InSim\DRS InSim\DRS InSim\Form1.cs:line 479
2/8/2017 10:52:39 PM: MCI - Exception: System.NullReferenceException: Object reference not set to an instance of an object.
   at DRS_InSim.Form1.MultiCarInfo(InSim insim, IS_MCI mci) in C:\Users\Peter Pan\Desktop\DRS-Repo-master\DRS InSim\DRS InSim\DRS InSim\Form1.cs:line 479
2/8/2017 10:52:39 PM: MCI - Exception: System.NullReferenceException: Object reference not set to an instance of an object.
   at DRS_InSim.Form1.MultiCarInfo(InSim insim, IS_MCI mci) in C:\Users\Peter Pan\Desktop\DRS-Repo-master\DRS InSim\DRS InSim\DRS InSim\Form1.cs:line 479
2/8/2017 10:53:59 PM: MCI - Exception: System.NullReferenceException: Object reference not set to an instance of an object.
   at DRS_InSim.Form1.MultiCarInfo(InSim insim, IS_MCI mci) in C:\Users\Peter Pan\Desktop\DRS-Repo-master\DRS InSim\DRS InSim\DRS InSim\Form1.cs:line 479
2/8/2017 10:53:59 PM: MCI - Exception: System.NullReferenceException: Object reference not set to an instance of an object.
   at DRS_InSim.Form1.MultiCarInfo(InSim insim, IS_MCI mci) in C:\Users\Peter Pan\Desktop\DRS-Repo-master\DRS InSim\DRS InSim\DRS InSim\Form1.cs:line 479
2/8/2017 10:53:59 PM: MCI - Exception: System.NullReferenceException: Object reference not set to an instance of an object.
   at DRS_InSim.Form1.MultiCarInfo(InSim insim, IS_MCI mci) in C:\Users\Peter Pan\Desktop\DRS-Repo-master\DRS InSim\DRS InSim\DRS InSim\Form1.cs:line 479
2/8/2017 10:53:59 PM: MCI - Exception: System.NullReferenceException: Object reference not set to an instance of an object.
   at DRS_InSim.Form1.MultiCarInfo(InSim insim, IS_MCI mci) in C:\Users\Peter Pan\Desktop\DRS-Repo-master\DRS InSim\DRS InSim\DRS InSim\Form1.cs:line 479
2/8/2017 10:53:59 PM: MCI - Exception: System.NullReferenceException: Object reference not set to an instance of an object.
   at DRS_InSim.Form1.MultiCarInfo(InSim insim, IS_MCI mci) in C:\Users\Peter Pan\Desktop\DRS-Repo-master\DRS InSim\DRS InSim\DRS InSim\Form1.cs:line 479
2/8/2017 10:55:15 PM: MCI - Exception: System.NullReferenceException: Object reference not set to an instance of an object.
   at DRS_InSim.Form1.MultiCarInfo(InSim insim, IS_MCI mci) in C:\Users\Peter Pan\Desktop\DRS-Repo-master\DRS InSim\DRS InSim\DRS InSim\Form1.cs:line 479
2/8/2017 10:55:15 PM: MCI - Exception: System.NullReferenceException: Object reference not set to an instance of an object.
   at DRS_InSim.Form1.MultiCarInfo(InSim insim, IS_MCI mci) in C:\Users\Peter Pan\Desktop\DRS-Repo-master\DRS InSim\DRS InSim\DRS InSim\Form1.cs:line 479
2/8/2017 10:55:15 PM: MCI - Exception: System.NullReferenceException: Object reference not set to an instance of an object.
   at DRS_InSim.Form1.MultiCarInfo(InSim insim, IS_MCI mci) in C:\Users\Peter Pan\Desktop\DRS-Repo-master\DRS InSim\DRS InSim\DRS InSim\Form1.cs:line 479
2/8/2017 10:55:15 PM: MCI - Exception: System.NullReferenceException: Object reference not set to an instance of an object.
   at DRS_InSim.Form1.MultiCarInfo(InSim insim, IS_MCI mci) in C:\Users\Peter Pan\Desktop\DRS-Repo-master\DRS InSim\DRS InSim\DRS InSim\Form1.cs:line 479
2/8/2017 10:55:15 PM: MCI - Exception: System.NullReferenceException: Object reference not set to an instance of an object.
   at DRS_InSim.Form1.MultiCarInfo(InSim insim, IS_MCI mci) in C:\Users\Peter Pan\Desktop\DRS-Repo-master\DRS InSim\DRS InSim\DRS InSim\Form1.cs:line 479
2/8/2017 10:55:15 PM: MCI - Exception: System.NullReferenceException: Object reference not set to an instance of an object.
   at DRS_InSim.Form1.MultiCarInfo(InSim insim, IS_MCI mci) in C:\Users\Peter Pan\Desktop\DRS-Repo-master\DRS InSim\DRS InSim\DRS InSim\Form1.cs:line 479
2/8/2017 10:59:17 PM: MCI - Exception: System.NullReferenceException: Object reference not set to an instance of an object.
   at DRS_InSim.Form1.MultiCarInfo(InSim insim, IS_MCI mci) in C:\Users\Peter Pan\Desktop\DRS-Repo-master\DRS InSim\DRS InSim\DRS InSim\Form1.cs:line 479
2/8/2017 11:03:12 PM: MCI - Exception: System.NullReferenceException: Object reference not set to an instance of an object.
   at DRS_InSim.Form1.MultiCarInfo(InSim insim, IS_MCI mci) in C:\Users\Peter Pan\Desktop\DRS-Repo-master\DRS InSim\DRS InSim\DRS InSim\Form1.cs:line 479
2/8/2017 11:03:12 PM: MCI - Exception: System.NullReferenceException: Object reference not set to an instance of an object.
   at DRS_InSim.Form1.MultiCarInfo(InSim insim, IS_MCI mci) in C:\Users\Peter Pan\Desktop\DRS-Repo-master\DRS InSim\DRS InSim\DRS InSim\Form1.cs:line 479
2/8/2017 11:03:12 PM: MCI - Exception: System.NullReferenceException: Object reference not set to an instance of an object.
   at DRS_InSim.Form1.MultiCarInfo(InSim insim, IS_MCI mci) in C:\Users\Peter Pan\Desktop\DRS-Repo-master\DRS InSim\DRS InSim\DRS InSim\Form1.cs:line 479
2/8/2017 11:03:12 PM: MCI - Exception: System.NullReferenceException: Object reference not set to an instance of an object.
   at DRS_InSim.Form1.MultiCarInfo(InSim insim, IS_MCI mci) in C:\Users\Peter Pan\Desktop\DRS-Repo-master\DRS InSim\DRS InSim\DRS InSim\Form1.cs:line 479
2/8/2017 11:03:13 PM: MCI - Exception: System.NullReferenceException: Object reference not set to an instance of an object.
   at DRS_InSim.Form1.MultiCarInfo(InSim insim, IS_MCI mci) in C:\Users\Peter Pan\Desktop\DRS-Repo-master\DRS InSim\DRS InSim\DRS InSim\Form1.cs:line 479
2/8/2017 11:03:13 PM: MCI - Exception: System.NullReferenceException: Object reference not set to an instance of an object.
   at DRS_InSim.Form1.MultiCarInfo(InSim insim, IS_MCI mci) in C:\Users\Peter Pan\Desktop\DRS-Repo-master\DRS InSim\DRS InSim\DRS InSim\Form1.cs:line 479
2/8/2017 11:03:13 PM: MCI - Exception: System.NullReferenceException: Object reference not set to an instance of an object.
   at DRS_InSim.Form1.MultiCarInfo(InSim insim, IS_MCI mci) in C:\Users\Peter Pan\Desktop\DRS-Repo-master\DRS InSim\DRS InSim\DRS InSim\Form1.cs:line 479
2/8/2017 11:03:13 PM: MCI - Exception: System.NullReferenceException: Object reference not set to an instance of an object.
   at DRS_InSim.Form1.MultiCarInfo(InSim insim, IS_MCI mci) in C:\Users\Peter Pan\Desktop\DRS-Repo-master\DRS InSim\DRS InSim\DRS InSim\Form1.cs:line 479
2/8/2017 11:03:13 PM: MCI - Exception: System.NullReferenceException: Object reference not set to an instance of an object.
   at DRS_InSim.Form1.MultiCarInfo(InSim insim, IS_MCI mci) in C:\Users\Peter Pan\Desktop\DRS-Repo-master\DRS InSim\DRS InSim\DRS InSim\Form1.cs:line 479
2/8/2017 11:03:13 PM: MCI - Exception: System.NullReferenceException: Object reference not set to an instance of an object.
   at DRS_InSim.Form1.MultiCarInfo(InSim insim, IS_MCI mci) in C:\Users\Peter Pan\Desktop\DRS-Repo-master\DRS InSim\DRS InSim\DRS InSim\Form1.cs:line 479
2/8/2017 11:08:36 PM: MCI - Exception: System.NullReferenceException: Object reference not set to an instance of an object.
   at DRS_InSim.Form1.MultiCarInfo(InSim insim, IS_MCI mci) in C:\Users\Peter Pan\Desktop\DRS-Repo-master\DRS InSim\DRS InSim\DRS InSim\Form1.cs:line 479
2/8/2017 11:08:36 PM: MCI - Exception: System.NullReferenceException: Object reference not set to an instance of an object.
   at DRS_InSim.Form1.MultiCarInfo(InSim insim, IS_MCI mci) in C:\Users\Peter Pan\Desktop\DRS-Repo-master\DRS InSim\DRS InSim\DRS InSim\Form1.cs:line 479
2/8/2017 11:10:12 PM: MCI - Exception: System.NullReferenceException: Object reference not set to an instance of an object.
   at DRS_InSim.Form1.MultiCarInfo(InSim insim, IS_MCI mci) in C:\Users\Peter Pan\Desktop\DRS-Repo-master\DRS InSim\DRS InSim\DRS InSim\Form1.cs:line 479
2/8/2017 11:21:46 PM: MCI - Exception: System.NullReferenceException: Object reference not set to an instance of an object.
   at DRS_InSim.Form1.MultiCarInfo(InSim insim, IS_MCI mci) in C:\Users\Peter Pan\Desktop\DRS-Repo-master\DRS InSim\DRS InSim\DRS InSim\Form1.cs:line 483
2/8/2017 11:25:43 PM: MCI - Exception: System.NullReferenceException: Object reference not set to an instance of an object.
   at DRS_InSim.Form1.MultiCarInfo(InSim insim, IS_MCI mci) in C:\Users\Peter Pan\Desktop\DRS-Repo-master\DRS InSim\DRS InSim\DRS InSim\Form1.cs:line 483
2/8/2017 11:34:30 PM: MCI - Exception: System.NullReferenceException: Object reference not set to an instance of an object.
   at DRS_InSim.Form1.MultiCarInfo(InSim insim, IS_MCI mci) in C:\Users\Peter Pan\Desktop\DRS-Repo-master\DRS InSim\DRS InSim\DRS InSim\Form1.cs:line 483
2/8/2017 11:36:55 PM: MCI - Exception: System.NullReferenceException: Object reference not set to an instance of an object.
   at DRS_InSim.Form1.MultiCarInfo(InSim insim, IS_MCI mci) in C:\Users\Peter Pan\Desktop\DRS-Repo-master\DRS InSim\DRS InSim\DRS InSim\Form1.cs:line 483
2/8/2017 11:37:42 PM: MCI - Exception: System.NullReferenceException: Object reference not set to an instance of an object.
   at DRS_InSim.Form1.MultiCarInfo(InSim insim, IS_MCI mci) in C:\Users\Peter Pan\Desktop\DRS-Repo-master\DRS InSim\DRS InSim\DRS InSim\Form1.cs:line 483
2/8/2017 11:40:57 PM: MCI - Exception: System.NullReferenceException: Object reference not set to an instance of an object.
   at DRS_InSim.Form1.MultiCarInfo(InSim insim, IS_MCI mci) in C:\Users\Peter Pan\Desktop\DRS-Repo-master\DRS InSim\DRS InSim\DRS InSim\Form1.cs:line 483
2/8/2017 11:43:02 PM: MCI - Exception: System.NullReferenceException: Object reference not set to an instance of an object.
   at DRS_InSim.Form1.MultiCarInfo(InSim insim, IS_MCI mci) in C:\Users\Peter Pan\Desktop\DRS-Repo-master\DRS InSim\DRS InSim\DRS InSim\Form1.cs:line 483
2/8/2017 11:43:33 PM: MCI - Exception: System.NullReferenceException: Object reference not set to an instance of an object.
   at DRS_InSim.Form1.MultiCarInfo(InSim insim, IS_MCI mci) in C:\Users\Peter Pan\Desktop\DRS-Repo-master\DRS InSim\DRS InSim\DRS InSim\Form1.cs:line 483
2/8/2017 11:56:28 PM: MCI - Exception: System.NullReferenceException: Object reference not set to an instance of an object.
   at DRS_InSim.Form1.MultiCarInfo(InSim insim, IS_MCI mci) in C:\Users\Peter Pan\Desktop\DRS-Repo-master\DRS InSim\DRS InSim\DRS InSim\Form1.cs:line 483
2/9/2017 12:09:52 AM: MCI - Exception: System.NullReferenceException: Object reference not set to an instance of an object.
   at DRS_InSim.Form1.MultiCarInfo(InSim insim, IS_MCI mci) in C:\Users\Peter Pan\Desktop\DRS-Repo-master\DRS InSim\DRS InSim\DRS InSim\Form1.cs:line 483
