2/8/2017 10:41:27 PM: [0] host() NCN - Exception: System.FormatException: Input string was not in a correct format.
   at System.Text.StringBuilder.AppendFormatHelper(IFormatProvider provider, String format, ParamsArray args)
   at System.String.FormatHelper(IFormatProvider provider, String format, ParamsArray args)
   at System.String.Format(String format, Object arg0)
   at DRS_InSim.Form1.UpdateGui(Byte UCID, Boolean main) in C:\Users\Peter Pan\Desktop\DRS-Repo-master\DRS InSim\DRS InSim\DRS InSim\Form1.cs:line 659
   at DRS_InSim.Form1.NewConnection(InSim insim, IS_NCN NCN) in C:\Users\Peter Pan\Desktop\DRS-Repo-master\DRS InSim\DRS InSim\DRS InSim\Form1.cs:line 291
2/8/2017 10:41:27 PM: [9] ole(oleroc) NCN - Exception: System.FormatException: Input string was not in a correct format.
   at System.Text.StringBuilder.AppendFormatHelper(IFormatProvider provider, String format, ParamsArray args)
   at System.String.FormatHelper(IFormatProvider provider, String format, ParamsArray args)
   at System.String.Format(String format, Object arg0)
   at DRS_InSim.Form1.UpdateGui(Byte UCID, Boolean main) in C:\Users\Peter Pan\Desktop\DRS-Repo-master\DRS InSim\DRS InSim\DRS InSim\Form1.cs:line 659
   at DRS_InSim.Form1.NewConnection(InSim insim, IS_NCN NCN) in C:\Users\Peter Pan\Desktop\DRS-Repo-master\DRS InSim\DRS InSim\DRS InSim\Form1.cs:line 291
2/8/2017 10:41:27 PM: [25] N1K COOL(N1K COOL) NCN - Exception: System.FormatException: Input string was not in a correct format.
   at System.Text.StringBuilder.AppendFormatHelper(IFormatProvider provider, String format, ParamsArray args)
   at System.String.FormatHelper(IFormatProvider provider, String format, ParamsArray args)
   at System.String.Format(String format, Object arg0)
   at DRS_InSim.Form1.UpdateGui(Byte UCID, Boolean main) in C:\Users\Peter Pan\Desktop\DRS-Repo-master\DRS InSim\DRS InSim\DRS InSim\Form1.cs:line 659
   at DRS_InSim.Form1.NewConnection(InSim insim, IS_NCN NCN) in C:\Users\Peter Pan\Desktop\DRS-Repo-master\DRS InSim\DRS InSim\DRS InSim\Form1.cs:line 291
2/8/2017 10:41:27 PM: [31] Kriss(tpx) NCN - Exception: System.FormatException: Input string was not in a correct format.
   at System.Text.StringBuilder.AppendFormatHelper(IFormatProvider provider, String format, ParamsArray args)
   at System.String.FormatHelper(IFormatProvider provider, String format, ParamsArray args)
   at System.String.Format(String format, Object arg0)
   at DRS_InSim.Form1.UpdateGui(Byte UCID, Boolean main) in C:\Users\Peter Pan\Desktop\DRS-Repo-master\DRS InSim\DRS InSim\DRS InSim\Form1.cs:line 659
   at DRS_InSim.Form1.NewConnection(InSim insim, IS_NCN NCN) in C:\Users\Peter Pan\Desktop\DRS-Repo-master\DRS InSim\DRS InSim\DRS InSim\Form1.cs:line 291
2/8/2017 10:41:27 PM: [11] Rick•VTEC(ricardob) NCN - Exception: System.FormatException: Input string was not in a correct format.
   at System.Text.StringBuilder.AppendFormatHelper(IFormatProvider provider, String format, ParamsArray args)
   at System.String.FormatHelper(IFormatProvider provider, String format, ParamsArray args)
   at System.String.Format(String format, Object arg0)
   at DRS_InSim.Form1.UpdateGui(Byte UCID, Boolean main) in C:\Users\Peter Pan\Desktop\DRS-Repo-master\DRS InSim\DRS InSim\DRS InSim\Form1.cs:line 659
   at DRS_InSim.Form1.NewConnection(InSim insim, IS_NCN NCN) in C:\Users\Peter Pan\Desktop\DRS-Repo-master\DRS InSim\DRS InSim\DRS InSim\Form1.cs:line 291
