07.02.2017 23.17.20: [0] host() conn - Exception: There is already an open DataReader associated with this Connection which must be closed first.
07.02.2017 23.17.20: [38] krs(tpx) conn - Exception: There is already an open DataReader associated with this Connection which must be closed first.
07.02.2017 23.17.20: [6] Sim-7(prolek) conn - Exception: There is already an open DataReader associated with this Connection which must be closed first.
07.02.2017 23.17.42: [0] host() conn - Exception: You have an error in your SQL syntax; check the manual that corresponds to your MySQL server version for the right syntax to use near '' at line 1
07.02.2017 23.17.42: [38] krs(tpx) conn - Exception: You have an error in your SQL syntax; check the manual that corresponds to your MySQL server version for the right syntax to use near '' at line 1
07.02.2017 23.17.42: [6] Sim-7(prolek) conn - Exception: You have an error in your SQL syntax; check the manual that corresponds to your MySQL server version for the right syntax to use near '' at line 1
07.02.2017 23.17.47: [0] host() conn - Exception: You have an error in your SQL syntax; check the manual that corresponds to your MySQL server version for the right syntax to use near '' at line 1
07.02.2017 23.17.47: [38] krs(tpx) conn - Exception: You have an error in your SQL syntax; check the manual that corresponds to your MySQL server version for the right syntax to use near '' at line 1
07.02.2017 23.17.47: [6] Sim-7(prolek) conn - Exception: You have an error in your SQL syntax; check the manual that corresponds to your MySQL server version for the right syntax to use near '' at line 1
07.02.2017 23.17.52: [0] host() conn - Exception: You have an error in your SQL syntax; check the manual that corresponds to your MySQL server version for the right syntax to use near '' at line 1
07.02.2017 23.17.52: [38] krs(tpx) conn - Exception: You have an error in your SQL syntax; check the manual that corresponds to your MySQL server version for the right syntax to use near '' at line 1
07.02.2017 23.17.52: [6] Sim-7(prolek) conn - Exception: You have an error in your SQL syntax; check the manual that corresponds to your MySQL server version for the right syntax to use near '' at line 1
07.02.2017 23.17.57: [0] host() conn - Exception: You have an error in your SQL syntax; check the manual that corresponds to your MySQL server version for the right syntax to use near '' at line 1
07.02.2017 23.17.57: [38] krs(tpx) conn - Exception: You have an error in your SQL syntax; check the manual that corresponds to your MySQL server version for the right syntax to use near '' at line 1
07.02.2017 23.17.57: [6] Sim-7(prolek) conn - Exception: You have an error in your SQL syntax; check the manual that corresponds to your MySQL server version for the right syntax to use near '' at line 1
07.02.2017 23.18.02: [0] host() conn - Exception: You have an error in your SQL syntax; check the manual that corresponds to your MySQL server version for the right syntax to use near '' at line 1
07.02.2017 23.18.02: [38] krs(tpx) conn - Exception: You have an error in your SQL syntax; check the manual that corresponds to your MySQL server version for the right syntax to use near '' at line 1
07.02.2017 23.18.02: [6] Sim-7(prolek) conn - Exception: You have an error in your SQL syntax; check the manual that corresponds to your MySQL server version for the right syntax to use near '' at line 1
07.02.2017 23.18.07: [0] host() conn - Exception: You have an error in your SQL syntax; check the manual that corresponds to your MySQL server version for the right syntax to use near '' at line 1
07.02.2017 23.18.07: [38] krs(tpx) conn - Exception: You have an error in your SQL syntax; check the manual that corresponds to your MySQL server version for the right syntax to use near '' at line 1
07.02.2017 23.18.07: [6] Sim-7(prolek) conn - Exception: You have an error in your SQL syntax; check the manual that corresponds to your MySQL server version for the right syntax to use near '' at line 1
07.02.2017 23.18.12: [0] host() conn - Exception: You have an error in your SQL syntax; check the manual that corresponds to your MySQL server version for the right syntax to use near '' at line 1
07.02.2017 23.18.12: [38] krs(tpx) conn - Exception: You have an error in your SQL syntax; check the manual that corresponds to your MySQL server version for the right syntax to use near '' at line 1
07.02.2017 23.18.12: [6] Sim-7(prolek) conn - Exception: You have an error in your SQL syntax; check the manual that corresponds to your MySQL server version for the right syntax to use near '' at line 1
07.02.2017 23.18.17: [0] host() conn - Exception: You have an error in your SQL syntax; check the manual that corresponds to your MySQL server version for the right syntax to use near '' at line 1
07.02.2017 23.18.17: [38] krs(tpx) conn - Exception: You have an error in your SQL syntax; check the manual that corresponds to your MySQL server version for the right syntax to use near '' at line 1
07.02.2017 23.18.17: [6] Sim-7(prolek) conn - Exception: You have an error in your SQL syntax; check the manual that corresponds to your MySQL server version for the right syntax to use near '' at line 1
07.02.2017 23.18.22: [0] host() conn - Exception: You have an error in your SQL syntax; check the manual that corresponds to your MySQL server version for the right syntax to use near '' at line 1
07.02.2017 23.18.22: [38] krs(tpx) conn - Exception: You have an error in your SQL syntax; check the manual that corresponds to your MySQL server version for the right syntax to use near '' at line 1
07.02.2017 23.18.22: [6] Sim-7(prolek) conn - Exception: You have an error in your SQL syntax; check the manual that corresponds to your MySQL server version for the right syntax to use near '' at line 1
07.02.2017 23.18.27: [0] host() conn - Exception: You have an error in your SQL syntax; check the manual that corresponds to your MySQL server version for the right syntax to use near '' at line 1
07.02.2017 23.18.27: [38] krs(tpx) conn - Exception: You have an error in your SQL syntax; check the manual that corresponds to your MySQL server version for the right syntax to use near '' at line 1
07.02.2017 23.18.27: [6] Sim-7(prolek) conn - Exception: You have an error in your SQL syntax; check the manual that corresponds to your MySQL server version for the right syntax to use near '' at line 1
07.02.2017 23.18.32: [0] host() conn - Exception: You have an error in your SQL syntax; check the manual that corresponds to your MySQL server version for the right syntax to use near '' at line 1
07.02.2017 23.18.32: [38] krs(tpx) conn - Exception: You have an error in your SQL syntax; check the manual that corresponds to your MySQL server version for the right syntax to use near '' at line 1
07.02.2017 23.18.32: [6] Sim-7(prolek) conn - Exception: You have an error in your SQL syntax; check the manual that corresponds to your MySQL server version for the right syntax to use near '' at line 1
07.02.2017 23.18.37: [0] host() conn - Exception: You have an error in your SQL syntax; check the manual that corresponds to your MySQL server version for the right syntax to use near '' at line 1
07.02.2017 23.18.37: [38] krs(tpx) conn - Exception: You have an error in your SQL syntax; check the manual that corresponds to your MySQL server version for the right syntax to use near '' at line 1
07.02.2017 23.18.37: [6] Sim-7(prolek) conn - Exception: You have an error in your SQL syntax; check the manual that corresponds to your MySQL server version for the right syntax to use near '' at line 1
07.02.2017 23.18.42: [0] host() conn - Exception: You have an error in your SQL syntax; check the manual that corresponds to your MySQL server version for the right syntax to use near '' at line 1
07.02.2017 23.18.42: [38] krs(tpx) conn - Exception: You have an error in your SQL syntax; check the manual that corresponds to your MySQL server version for the right syntax to use near '' at line 1
07.02.2017 23.18.42: [6] Sim-7(prolek) conn - Exception: You have an error in your SQL syntax; check the manual that corresponds to your MySQL server version for the right syntax to use near '' at line 1
07.02.2017 23.18.47: [0] host() conn - Exception: You have an error in your SQL syntax; check the manual that corresponds to your MySQL server version for the right syntax to use near '' at line 1
07.02.2017 23.18.47: [38] krs(tpx) conn - Exception: You have an error in your SQL syntax; check the manual that corresponds to your MySQL server version for the right syntax to use near '' at line 1
07.02.2017 23.18.47: [6] Sim-7(prolek) conn - Exception: You have an error in your SQL syntax; check the manual that corresponds to your MySQL server version for the right syntax to use near '' at line 1
07.02.2017 23.18.52: [0] host() conn - Exception: You have an error in your SQL syntax; check the manual that corresponds to your MySQL server version for the right syntax to use near '' at line 1
07.02.2017 23.18.52: [38] krs(tpx) conn - Exception: You have an error in your SQL syntax; check the manual that corresponds to your MySQL server version for the right syntax to use near '' at line 1
07.02.2017 23.18.52: [6] Sim-7(prolek) conn - Exception: You have an error in your SQL syntax; check the manual that corresponds to your MySQL server version for the right syntax to use near '' at line 1
07.02.2017 23.18.57: [0] host() conn - Exception: You have an error in your SQL syntax; check the manual that corresponds to your MySQL server version for the right syntax to use near '' at line 1
07.02.2017 23.18.57: [38] krs(tpx) conn - Exception: You have an error in your SQL syntax; check the manual that corresponds to your MySQL server version for the right syntax to use near '' at line 1
07.02.2017 23.18.57: [6] Sim-7(prolek) conn - Exception: You have an error in your SQL syntax; check the manual that corresponds to your MySQL server version for the right syntax to use near '' at line 1
07.02.2017 23.19.02: [0] host() conn - Exception: You have an error in your SQL syntax; check the manual that corresponds to your MySQL server version for the right syntax to use near '' at line 1
07.02.2017 23.19.02: [38] krs(tpx) conn - Exception: You have an error in your SQL syntax; check the manual that corresponds to your MySQL server version for the right syntax to use near '' at line 1
07.02.2017 23.19.02: [6] Sim-7(prolek) conn - Exception: You have an error in your SQL syntax; check the manual that corresponds to your MySQL server version for the right syntax to use near '' at line 1
07.02.2017 23.19.07: [0] host() conn - Exception: You have an error in your SQL syntax; check the manual that corresponds to your MySQL server version for the right syntax to use near '' at line 1
07.02.2017 23.19.07: [38] krs(tpx) conn - Exception: You have an error in your SQL syntax; check the manual that corresponds to your MySQL server version for the right syntax to use near '' at line 1
07.02.2017 23.19.07: [6] Sim-7(prolek) conn - Exception: You have an error in your SQL syntax; check the manual that corresponds to your MySQL server version for the right syntax to use near '' at line 1
07.02.2017 23.19.12: [0] host() conn - Exception: You have an error in your SQL syntax; check the manual that corresponds to your MySQL server version for the right syntax to use near '' at line 1
07.02.2017 23.19.12: [38] krs(tpx) conn - Exception: You have an error in your SQL syntax; check the manual that corresponds to your MySQL server version for the right syntax to use near '' at line 1
07.02.2017 23.19.12: [6] Sim-7(prolek) conn - Exception: You have an error in your SQL syntax; check the manual that corresponds to your MySQL server version for the right syntax to use near '' at line 1
07.02.2017 23.19.17: [0] host() conn - Exception: You have an error in your SQL syntax; check the manual that corresponds to your MySQL server version for the right syntax to use near '' at line 1
07.02.2017 23.19.17: [38] krs(tpx) conn - Exception: You have an error in your SQL syntax; check the manual that corresponds to your MySQL server version for the right syntax to use near '' at line 1
07.02.2017 23.19.17: [6] Sim-7(prolek) conn - Exception: You have an error in your SQL syntax; check the manual that corresponds to your MySQL server version for the right syntax to use near '' at line 1
07.02.2017 23.19.22: [0] host() conn - Exception: You have an error in your SQL syntax; check the manual that corresponds to your MySQL server version for the right syntax to use near '' at line 1
07.02.2017 23.19.22: [38] krs(tpx) conn - Exception: You have an error in your SQL syntax; check the manual that corresponds to your MySQL server version for the right syntax to use near '' at line 1
07.02.2017 23.19.22: [6] Sim-7(prolek) conn - Exception: You have an error in your SQL syntax; check the manual that corresponds to your MySQL server version for the right syntax to use near '' at line 1
07.02.2017 23.19.27: [0] host() conn - Exception: You have an error in your SQL syntax; check the manual that corresponds to your MySQL server version for the right syntax to use near '' at line 1
07.02.2017 23.19.27: [38] krs(tpx) conn - Exception: You have an error in your SQL syntax; check the manual that corresponds to your MySQL server version for the right syntax to use near '' at line 1
07.02.2017 23.19.27: [6] Sim-7(prolek) conn - Exception: You have an error in your SQL syntax; check the manual that corresponds to your MySQL server version for the right syntax to use near '' at line 1
07.02.2017 23.19.32: [0] host() conn - Exception: You have an error in your SQL syntax; check the manual that corresponds to your MySQL server version for the right syntax to use near '' at line 1
07.02.2017 23.19.32: [38] krs(tpx) conn - Exception: You have an error in your SQL syntax; check the manual that corresponds to your MySQL server version for the right syntax to use near '' at line 1
07.02.2017 23.19.32: [6] Sim-7(prolek) conn - Exception: You have an error in your SQL syntax; check the manual that corresponds to your MySQL server version for the right syntax to use near '' at line 1
07.02.2017 23.19.37: [0] host() conn - Exception: You have an error in your SQL syntax; check the manual that corresponds to your MySQL server version for the right syntax to use near '' at line 1
07.02.2017 23.19.37: [38] krs(tpx) conn - Exception: You have an error in your SQL syntax; check the manual that corresponds to your MySQL server version for the right syntax to use near '' at line 1
07.02.2017 23.19.37: [6] Sim-7(prolek) conn - Exception: You have an error in your SQL syntax; check the manual that corresponds to your MySQL server version for the right syntax to use near '' at line 1
07.02.2017 23.19.42: [0] host() conn - Exception: You have an error in your SQL syntax; check the manual that corresponds to your MySQL server version for the right syntax to use near '' at line 1
07.02.2017 23.19.42: [38] krs(tpx) conn - Exception: You have an error in your SQL syntax; check the manual that corresponds to your MySQL server version for the right syntax to use near '' at line 1
07.02.2017 23.19.42: [6] Sim-7(prolek) conn - Exception: You have an error in your SQL syntax; check the manual that corresponds to your MySQL server version for the right syntax to use near '' at line 1
07.02.2017 23.19.47: [0] host() conn - Exception: You have an error in your SQL syntax; check the manual that corresponds to your MySQL server version for the right syntax to use near '' at line 1
07.02.2017 23.19.47: [38] krs(tpx) conn - Exception: You have an error in your SQL syntax; check the manual that corresponds to your MySQL server version for the right syntax to use near '' at line 1
07.02.2017 23.19.47: [6] Sim-7(prolek) conn - Exception: You have an error in your SQL syntax; check the manual that corresponds to your MySQL server version for the right syntax to use near '' at line 1
07.02.2017 23.19.52: [0] host() conn - Exception: You have an error in your SQL syntax; check the manual that corresponds to your MySQL server version for the right syntax to use near '' at line 1
07.02.2017 23.19.52: [38] krs(tpx) conn - Exception: You have an error in your SQL syntax; check the manual that corresponds to your MySQL server version for the right syntax to use near '' at line 1
07.02.2017 23.19.52: [6] Sim-7(prolek) conn - Exception: You have an error in your SQL syntax; check the manual that corresponds to your MySQL server version for the right syntax to use near '' at line 1
07.02.2017 23.19.57: [0] host() conn - Exception: You have an error in your SQL syntax; check the manual that corresponds to your MySQL server version for the right syntax to use near '' at line 1
07.02.2017 23.19.57: [38] krs(tpx) conn - Exception: You have an error in your SQL syntax; check the manual that corresponds to your MySQL server version for the right syntax to use near '' at line 1
07.02.2017 23.19.57: [6] Sim-7(prolek) conn - Exception: You have an error in your SQL syntax; check the manual that corresponds to your MySQL server version for the right syntax to use near '' at line 1
07.02.2017 23.20.02: [0] host() conn - Exception: You have an error in your SQL syntax; check the manual that corresponds to your MySQL server version for the right syntax to use near '' at line 1
07.02.2017 23.20.02: [38] krs(tpx) conn - Exception: You have an error in your SQL syntax; check the manual that corresponds to your MySQL server version for the right syntax to use near '' at line 1
07.02.2017 23.20.02: [6] Sim-7(prolek) conn - Exception: You have an error in your SQL syntax; check the manual that corresponds to your MySQL server version for the right syntax to use near '' at line 1
07.02.2017 23.20.07: [0] host() conn - Exception: You have an error in your SQL syntax; check the manual that corresponds to your MySQL server version for the right syntax to use near '' at line 1
07.02.2017 23.20.07: [38] krs(tpx) conn - Exception: You have an error in your SQL syntax; check the manual that corresponds to your MySQL server version for the right syntax to use near '' at line 1
07.02.2017 23.20.07: [6] Sim-7(prolek) conn - Exception: You have an error in your SQL syntax; check the manual that corresponds to your MySQL server version for the right syntax to use near '' at line 1
07.02.2017 23.20.12: [0] host() conn - Exception: You have an error in your SQL syntax; check the manual that corresponds to your MySQL server version for the right syntax to use near '' at line 1
07.02.2017 23.20.12: [38] krs(tpx) conn - Exception: You have an error in your SQL syntax; check the manual that corresponds to your MySQL server version for the right syntax to use near '' at line 1
07.02.2017 23.20.12: [6] Sim-7(prolek) conn - Exception: You have an error in your SQL syntax; check the manual that corresponds to your MySQL server version for the right syntax to use near '' at line 1
07.02.2017 23.20.28: [0] host() conn - Exception: You have an error in your SQL syntax; check the manual that corresponds to your MySQL server version for the right syntax to use near '' at line 1
07.02.2017 23.20.28: [38] krs(tpx) conn - Exception: You have an error in your SQL syntax; check the manual that corresponds to your MySQL server version for the right syntax to use near '' at line 1
07.02.2017 23.20.28: [6] Sim-7(prolek) conn - Exception: You have an error in your SQL syntax; check the manual that corresponds to your MySQL server version for the right syntax to use near '' at line 1
07.02.2017 23.20.33: [0] host() conn - Exception: You have an error in your SQL syntax; check the manual that corresponds to your MySQL server version for the right syntax to use near '' at line 1
07.02.2017 23.20.33: [38] krs(tpx) conn - Exception: You have an error in your SQL syntax; check the manual that corresponds to your MySQL server version for the right syntax to use near '' at line 1
07.02.2017 23.20.33: [6] Sim-7(prolek) conn - Exception: You have an error in your SQL syntax; check the manual that corresponds to your MySQL server version for the right syntax to use near '' at line 1
07.02.2017 23.20.38: [0] host() conn - Exception: You have an error in your SQL syntax; check the manual that corresponds to your MySQL server version for the right syntax to use near '' at line 1
07.02.2017 23.20.38: [38] krs(tpx) conn - Exception: You have an error in your SQL syntax; check the manual that corresponds to your MySQL server version for the right syntax to use near '' at line 1
07.02.2017 23.20.38: [6] Sim-7(prolek) conn - Exception: You have an error in your SQL syntax; check the manual that corresponds to your MySQL server version for the right syntax to use near '' at line 1
07.02.2017 23.20.43: [0] host() conn - Exception: You have an error in your SQL syntax; check the manual that corresponds to your MySQL server version for the right syntax to use near '' at line 1
07.02.2017 23.20.43: [38] krs(tpx) conn - Exception: You have an error in your SQL syntax; check the manual that corresponds to your MySQL server version for the right syntax to use near '' at line 1
07.02.2017 23.20.43: [6] Sim-7(prolek) conn - Exception: You have an error in your SQL syntax; check the manual that corresponds to your MySQL server version for the right syntax to use near '' at line 1
07.02.2017 23.20.48: [0] host() conn - Exception: You have an error in your SQL syntax; check the manual that corresponds to your MySQL server version for the right syntax to use near '' at line 1
07.02.2017 23.20.48: [38] krs(tpx) conn - Exception: You have an error in your SQL syntax; check the manual that corresponds to your MySQL server version for the right syntax to use near '' at line 1
07.02.2017 23.20.48: [6] Sim-7(prolek) conn - Exception: You have an error in your SQL syntax; check the manual that corresponds to your MySQL server version for the right syntax to use near '' at line 1
07.02.2017 23.20.53: [0] host() conn - Exception: You have an error in your SQL syntax; check the manual that corresponds to your MySQL server version for the right syntax to use near '' at line 1
07.02.2017 23.20.53: [38] krs(tpx) conn - Exception: You have an error in your SQL syntax; check the manual that corresponds to your MySQL server version for the right syntax to use near '' at line 1
07.02.2017 23.20.53: [6] Sim-7(prolek) conn - Exception: You have an error in your SQL syntax; check the manual that corresponds to your MySQL server version for the right syntax to use near '' at line 1
07.02.2017 23.20.58: [0] host() conn - Exception: You have an error in your SQL syntax; check the manual that corresponds to your MySQL server version for the right syntax to use near '' at line 1
07.02.2017 23.20.58: [38] krs(tpx) conn - Exception: You have an error in your SQL syntax; check the manual that corresponds to your MySQL server version for the right syntax to use near '' at line 1
07.02.2017 23.20.58: [6] Sim-7(prolek) conn - Exception: You have an error in your SQL syntax; check the manual that corresponds to your MySQL server version for the right syntax to use near '' at line 1
07.02.2017 23.21.03: [0] host() conn - Exception: You have an error in your SQL syntax; check the manual that corresponds to your MySQL server version for the right syntax to use near '' at line 1
07.02.2017 23.21.03: [38] krs(tpx) conn - Exception: You have an error in your SQL syntax; check the manual that corresponds to your MySQL server version for the right syntax to use near '' at line 1
07.02.2017 23.21.03: [6] Sim-7(prolek) conn - Exception: You have an error in your SQL syntax; check the manual that corresponds to your MySQL server version for the right syntax to use near '' at line 1
07.02.2017 23.21.08: [0] host() conn - Exception: You have an error in your SQL syntax; check the manual that corresponds to your MySQL server version for the right syntax to use near '' at line 1
07.02.2017 23.21.08: [38] krs(tpx) conn - Exception: You have an error in your SQL syntax; check the manual that corresponds to your MySQL server version for the right syntax to use near '' at line 1
07.02.2017 23.21.08: [6] Sim-7(prolek) conn - Exception: You have an error in your SQL syntax; check the manual that corresponds to your MySQL server version for the right syntax to use near '' at line 1
07.02.2017 23.21.13: [0] host() conn - Exception: You have an error in your SQL syntax; check the manual that corresponds to your MySQL server version for the right syntax to use near '' at line 1
07.02.2017 23.21.13: [38] krs(tpx) conn - Exception: You have an error in your SQL syntax; check the manual that corresponds to your MySQL server version for the right syntax to use near '' at line 1
07.02.2017 23.21.13: [6] Sim-7(prolek) conn - Exception: You have an error in your SQL syntax; check the manual that corresponds to your MySQL server version for the right syntax to use near '' at line 1
07.02.2017 23.21.18: [0] host() conn - Exception: You have an error in your SQL syntax; check the manual that corresponds to your MySQL server version for the right syntax to use near '' at line 1
07.02.2017 23.21.18: [38] krs(tpx) conn - Exception: You have an error in your SQL syntax; check the manual that corresponds to your MySQL server version for the right syntax to use near '' at line 1
07.02.2017 23.21.18: [6] Sim-7(prolek) conn - Exception: You have an error in your SQL syntax; check the manual that corresponds to your MySQL server version for the right syntax to use near '' at line 1
07.02.2017 23.21.23: [0] host() conn - Exception: You have an error in your SQL syntax; check the manual that corresponds to your MySQL server version for the right syntax to use near '' at line 1
07.02.2017 23.21.23: [38] krs(tpx) conn - Exception: You have an error in your SQL syntax; check the manual that corresponds to your MySQL server version for the right syntax to use near '' at line 1
07.02.2017 23.21.23: [6] Sim-7(prolek) conn - Exception: You have an error in your SQL syntax; check the manual that corresponds to your MySQL server version for the right syntax to use near '' at line 1
07.02.2017 23.21.28: [0] host() conn - Exception: You have an error in your SQL syntax; check the manual that corresponds to your MySQL server version for the right syntax to use near '' at line 1
07.02.2017 23.21.28: [38] krs(tpx) conn - Exception: You have an error in your SQL syntax; check the manual that corresponds to your MySQL server version for the right syntax to use near '' at line 1
07.02.2017 23.21.28: [6] Sim-7(prolek) conn - Exception: You have an error in your SQL syntax; check the manual that corresponds to your MySQL server version for the right syntax to use near '' at line 1
07.02.2017 23.21.33: [0] host() conn - Exception: You have an error in your SQL syntax; check the manual that corresponds to your MySQL server version for the right syntax to use near '' at line 1
07.02.2017 23.21.33: [38] krs(tpx) conn - Exception: You have an error in your SQL syntax; check the manual that corresponds to your MySQL server version for the right syntax to use near '' at line 1
07.02.2017 23.21.33: [6] Sim-7(prolek) conn - Exception: You have an error in your SQL syntax; check the manual that corresponds to your MySQL server version for the right syntax to use near '' at line 1
07.02.2017 23.21.38: [0] host() conn - Exception: You have an error in your SQL syntax; check the manual that corresponds to your MySQL server version for the right syntax to use near '' at line 1
07.02.2017 23.21.38: [38] krs(tpx) conn - Exception: You have an error in your SQL syntax; check the manual that corresponds to your MySQL server version for the right syntax to use near '' at line 1
07.02.2017 23.21.38: [6] Sim-7(prolek) conn - Exception: You have an error in your SQL syntax; check the manual that corresponds to your MySQL server version for the right syntax to use near '' at line 1
07.02.2017 23.21.43: [0] host() conn - Exception: You have an error in your SQL syntax; check the manual that corresponds to your MySQL server version for the right syntax to use near '' at line 1
07.02.2017 23.21.43: [38] krs(tpx) conn - Exception: You have an error in your SQL syntax; check the manual that corresponds to your MySQL server version for the right syntax to use near '' at line 1
07.02.2017 23.21.43: [6] Sim-7(prolek) conn - Exception: You have an error in your SQL syntax; check the manual that corresponds to your MySQL server version for the right syntax to use near '' at line 1
07.02.2017 23.21.48: [0] host() conn - Exception: You have an error in your SQL syntax; check the manual that corresponds to your MySQL server version for the right syntax to use near '' at line 1
07.02.2017 23.21.48: [38] krs(tpx) conn - Exception: You have an error in your SQL syntax; check the manual that corresponds to your MySQL server version for the right syntax to use near '' at line 1
07.02.2017 23.21.48: [6] Sim-7(prolek) conn - Exception: You have an error in your SQL syntax; check the manual that corresponds to your MySQL server version for the right syntax to use near '' at line 1
07.02.2017 23.21.53: [0] host() conn - Exception: You have an error in your SQL syntax; check the manual that corresponds to your MySQL server version for the right syntax to use near '' at line 1
07.02.2017 23.21.53: [38] krs(tpx) conn - Exception: You have an error in your SQL syntax; check the manual that corresponds to your MySQL server version for the right syntax to use near '' at line 1
07.02.2017 23.21.53: [6] Sim-7(prolek) conn - Exception: You have an error in your SQL syntax; check the manual that corresponds to your MySQL server version for the right syntax to use near '' at line 1
07.02.2017 23.21.58: [0] host() conn - Exception: You have an error in your SQL syntax; check the manual that corresponds to your MySQL server version for the right syntax to use near '' at line 1
07.02.2017 23.21.58: [38] krs(tpx) conn - Exception: You have an error in your SQL syntax; check the manual that corresponds to your MySQL server version for the right syntax to use near '' at line 1
07.02.2017 23.21.58: [6] Sim-7(prolek) conn - Exception: You have an error in your SQL syntax; check the manual that corresponds to your MySQL server version for the right syntax to use near '' at line 1
07.02.2017 23.22.03: [0] host() conn - Exception: You have an error in your SQL syntax; check the manual that corresponds to your MySQL server version for the right syntax to use near '' at line 1
07.02.2017 23.22.03: [38] krs(tpx) conn - Exception: You have an error in your SQL syntax; check the manual that corresponds to your MySQL server version for the right syntax to use near '' at line 1
07.02.2017 23.22.03: [6] Sim-7(prolek) conn - Exception: You have an error in your SQL syntax; check the manual that corresponds to your MySQL server version for the right syntax to use near '' at line 1
07.02.2017 23.22.08: [0] host() conn - Exception: You have an error in your SQL syntax; check the manual that corresponds to your MySQL server version for the right syntax to use near '' at line 1
07.02.2017 23.22.08: [38] krs(tpx) conn - Exception: You have an error in your SQL syntax; check the manual that corresponds to your MySQL server version for the right syntax to use near '' at line 1
07.02.2017 23.22.08: [6] Sim-7(prolek) conn - Exception: You have an error in your SQL syntax; check the manual that corresponds to your MySQL server version for the right syntax to use near '' at line 1
07.02.2017 23.22.13: [0] host() conn - Exception: You have an error in your SQL syntax; check the manual that corresponds to your MySQL server version for the right syntax to use near '' at line 1
07.02.2017 23.22.13: [38] krs(tpx) conn - Exception: You have an error in your SQL syntax; check the manual that corresponds to your MySQL server version for the right syntax to use near '' at line 1
07.02.2017 23.22.13: [6] Sim-7(prolek) conn - Exception: You have an error in your SQL syntax; check the manual that corresponds to your MySQL server version for the right syntax to use near '' at line 1
07.02.2017 23.22.18: [0] host() conn - Exception: You have an error in your SQL syntax; check the manual that corresponds to your MySQL server version for the right syntax to use near '' at line 1
07.02.2017 23.22.18: [38] krs(tpx) conn - Exception: You have an error in your SQL syntax; check the manual that corresponds to your MySQL server version for the right syntax to use near '' at line 1
07.02.2017 23.22.18: [6] Sim-7(prolek) conn - Exception: You have an error in your SQL syntax; check the manual that corresponds to your MySQL server version for the right syntax to use near '' at line 1
07.02.2017 23.22.40: [0] host() conn - Exception: You have an error in your SQL syntax; check the manual that corresponds to your MySQL server version for the right syntax to use near '' at line 1
07.02.2017 23.22.40: [38] krs(tpx) conn - Exception: You have an error in your SQL syntax; check the manual that corresponds to your MySQL server version for the right syntax to use near '' at line 1
07.02.2017 23.22.40: [6] Sim-7(prolek) conn - Exception: You have an error in your SQL syntax; check the manual that corresponds to your MySQL server version for the right syntax to use near '' at line 1
07.02.2017 23.22.45: [0] host() conn - Exception: You have an error in your SQL syntax; check the manual that corresponds to your MySQL server version for the right syntax to use near '' at line 1
07.02.2017 23.22.45: [38] krs(tpx) conn - Exception: You have an error in your SQL syntax; check the manual that corresponds to your MySQL server version for the right syntax to use near '' at line 1
07.02.2017 23.22.45: [6] Sim-7(prolek) conn - Exception: You have an error in your SQL syntax; check the manual that corresponds to your MySQL server version for the right syntax to use near '' at line 1
07.02.2017 23.22.50: [0] host() conn - Exception: You have an error in your SQL syntax; check the manual that corresponds to your MySQL server version for the right syntax to use near '' at line 1
07.02.2017 23.22.50: [38] krs(tpx) conn - Exception: You have an error in your SQL syntax; check the manual that corresponds to your MySQL server version for the right syntax to use near '' at line 1
07.02.2017 23.22.50: [6] Sim-7(prolek) conn - Exception: You have an error in your SQL syntax; check the manual that corresponds to your MySQL server version for the right syntax to use near '' at line 1
07.02.2017 23.22.55: [0] host() conn - Exception: You have an error in your SQL syntax; check the manual that corresponds to your MySQL server version for the right syntax to use near '' at line 1
07.02.2017 23.22.55: [38] krs(tpx) conn - Exception: You have an error in your SQL syntax; check the manual that corresponds to your MySQL server version for the right syntax to use near '' at line 1
07.02.2017 23.22.55: [6] Sim-7(prolek) conn - Exception: You have an error in your SQL syntax; check the manual that corresponds to your MySQL server version for the right syntax to use near '' at line 1
07.02.2017 23.23.00: [0] host() conn - Exception: You have an error in your SQL syntax; check the manual that corresponds to your MySQL server version for the right syntax to use near '' at line 1
07.02.2017 23.23.00: [38] krs(tpx) conn - Exception: You have an error in your SQL syntax; check the manual that corresponds to your MySQL server version for the right syntax to use near '' at line 1
07.02.2017 23.23.00: [6] Sim-7(prolek) conn - Exception: You have an error in your SQL syntax; check the manual that corresponds to your MySQL server version for the right syntax to use near '' at line 1
07.02.2017 23.23.05: [0] host() conn - Exception: You have an error in your SQL syntax; check the manual that corresponds to your MySQL server version for the right syntax to use near '' at line 1
07.02.2017 23.23.05: [38] krs(tpx) conn - Exception: You have an error in your SQL syntax; check the manual that corresponds to your MySQL server version for the right syntax to use near '' at line 1
07.02.2017 23.23.05: [6] Sim-7(prolek) conn - Exception: You have an error in your SQL syntax; check the manual that corresponds to your MySQL server version for the right syntax to use near '' at line 1
07.02.2017 23.23.10: [0] host() conn - Exception: You have an error in your SQL syntax; check the manual that corresponds to your MySQL server version for the right syntax to use near '' at line 1
07.02.2017 23.23.10: [38] krs(tpx) conn - Exception: You have an error in your SQL syntax; check the manual that corresponds to your MySQL server version for the right syntax to use near '' at line 1
07.02.2017 23.23.10: [6] Sim-7(prolek) conn - Exception: You have an error in your SQL syntax; check the manual that corresponds to your MySQL server version for the right syntax to use near '' at line 1
07.02.2017 23.23.15: [0] host() conn - Exception: You have an error in your SQL syntax; check the manual that corresponds to your MySQL server version for the right syntax to use near '' at line 1
07.02.2017 23.23.15: [38] krs(tpx) conn - Exception: You have an error in your SQL syntax; check the manual that corresponds to your MySQL server version for the right syntax to use near '' at line 1
07.02.2017 23.23.15: [6] Sim-7(prolek) conn - Exception: You have an error in your SQL syntax; check the manual that corresponds to your MySQL server version for the right syntax to use near '' at line 1
07.02.2017 23.23.20: [0] host() conn - Exception: You have an error in your SQL syntax; check the manual that corresponds to your MySQL server version for the right syntax to use near '' at line 1
07.02.2017 23.23.20: [38] krs(tpx) conn - Exception: You have an error in your SQL syntax; check the manual that corresponds to your MySQL server version for the right syntax to use near '' at line 1
07.02.2017 23.23.20: [6] Sim-7(prolek) conn - Exception: You have an error in your SQL syntax; check the manual that corresponds to your MySQL server version for the right syntax to use near '' at line 1
07.02.2017 23.23.25: [0] host() conn - Exception: You have an error in your SQL syntax; check the manual that corresponds to your MySQL server version for the right syntax to use near '' at line 1
07.02.2017 23.23.25: [38] krs(tpx) conn - Exception: You have an error in your SQL syntax; check the manual that corresponds to your MySQL server version for the right syntax to use near '' at line 1
07.02.2017 23.23.25: [6] Sim-7(prolek) conn - Exception: You have an error in your SQL syntax; check the manual that corresponds to your MySQL server version for the right syntax to use near '' at line 1
07.02.2017 23.23.30: [0] host() conn - Exception: You have an error in your SQL syntax; check the manual that corresponds to your MySQL server version for the right syntax to use near '' at line 1
07.02.2017 23.23.30: [38] krs(tpx) conn - Exception: You have an error in your SQL syntax; check the manual that corresponds to your MySQL server version for the right syntax to use near '' at line 1
07.02.2017 23.23.30: [6] Sim-7(prolek) conn - Exception: You have an error in your SQL syntax; check the manual that corresponds to your MySQL server version for the right syntax to use near '' at line 1
07.02.2017 23.23.35: [0] host() conn - Exception: You have an error in your SQL syntax; check the manual that corresponds to your MySQL server version for the right syntax to use near '' at line 1
07.02.2017 23.23.35: [38] krs(tpx) conn - Exception: You have an error in your SQL syntax; check the manual that corresponds to your MySQL server version for the right syntax to use near '' at line 1
07.02.2017 23.23.35: [6] Sim-7(prolek) conn - Exception: You have an error in your SQL syntax; check the manual that corresponds to your MySQL server version for the right syntax to use near '' at line 1
07.02.2017 23.23.40: [0] host() conn - Exception: You have an error in your SQL syntax; check the manual that corresponds to your MySQL server version for the right syntax to use near '' at line 1
07.02.2017 23.23.40: [38] krs(tpx) conn - Exception: You have an error in your SQL syntax; check the manual that corresponds to your MySQL server version for the right syntax to use near '' at line 1
07.02.2017 23.23.40: [6] Sim-7(prolek) conn - Exception: You have an error in your SQL syntax; check the manual that corresponds to your MySQL server version for the right syntax to use near '' at line 1
07.02.2017 23.23.45: [0] host() conn - Exception: You have an error in your SQL syntax; check the manual that corresponds to your MySQL server version for the right syntax to use near '' at line 1
07.02.2017 23.23.45: [38] krs(tpx) conn - Exception: You have an error in your SQL syntax; check the manual that corresponds to your MySQL server version for the right syntax to use near '' at line 1
07.02.2017 23.23.45: [6] Sim-7(prolek) conn - Exception: You have an error in your SQL syntax; check the manual that corresponds to your MySQL server version for the right syntax to use near '' at line 1
07.02.2017 23.23.50: [0] host() conn - Exception: You have an error in your SQL syntax; check the manual that corresponds to your MySQL server version for the right syntax to use near '' at line 1
07.02.2017 23.23.50: [38] krs(tpx) conn - Exception: You have an error in your SQL syntax; check the manual that corresponds to your MySQL server version for the right syntax to use near '' at line 1
07.02.2017 23.23.50: [6] Sim-7(prolek) conn - Exception: You have an error in your SQL syntax; check the manual that corresponds to your MySQL server version for the right syntax to use near '' at line 1
07.02.2017 23.23.55: [0] host() conn - Exception: You have an error in your SQL syntax; check the manual that corresponds to your MySQL server version for the right syntax to use near '' at line 1
07.02.2017 23.23.55: [38] krs(tpx) conn - Exception: You have an error in your SQL syntax; check the manual that corresponds to your MySQL server version for the right syntax to use near '' at line 1
07.02.2017 23.23.55: [6] Sim-7(prolek) conn - Exception: You have an error in your SQL syntax; check the manual that corresponds to your MySQL server version for the right syntax to use near '' at line 1
07.02.2017 23.24.00: [0] host() conn - Exception: You have an error in your SQL syntax; check the manual that corresponds to your MySQL server version for the right syntax to use near '' at line 1
07.02.2017 23.24.00: [38] krs(tpx) conn - Exception: You have an error in your SQL syntax; check the manual that corresponds to your MySQL server version for the right syntax to use near '' at line 1
07.02.2017 23.24.00: [6] Sim-7(prolek) conn - Exception: You have an error in your SQL syntax; check the manual that corresponds to your MySQL server version for the right syntax to use near '' at line 1
07.02.2017 23.24.05: [0] host() conn - Exception: You have an error in your SQL syntax; check the manual that corresponds to your MySQL server version for the right syntax to use near '' at line 1
07.02.2017 23.24.05: [38] krs(tpx) conn - Exception: You have an error in your SQL syntax; check the manual that corresponds to your MySQL server version for the right syntax to use near '' at line 1
07.02.2017 23.24.05: [6] Sim-7(prolek) conn - Exception: You have an error in your SQL syntax; check the manual that corresponds to your MySQL server version for the right syntax to use near '' at line 1
07.02.2017 23.24.10: [0] host() conn - Exception: You have an error in your SQL syntax; check the manual that corresponds to your MySQL server version for the right syntax to use near '' at line 1
07.02.2017 23.24.10: [38] krs(tpx) conn - Exception: You have an error in your SQL syntax; check the manual that corresponds to your MySQL server version for the right syntax to use near '' at line 1
07.02.2017 23.24.10: [6] Sim-7(prolek) conn - Exception: You have an error in your SQL syntax; check the manual that corresponds to your MySQL server version for the right syntax to use near '' at line 1
07.02.2017 23.24.15: [0] host() conn - Exception: You have an error in your SQL syntax; check the manual that corresponds to your MySQL server version for the right syntax to use near '' at line 1
07.02.2017 23.24.15: [38] krs(tpx) conn - Exception: You have an error in your SQL syntax; check the manual that corresponds to your MySQL server version for the right syntax to use near '' at line 1
07.02.2017 23.24.15: [6] Sim-7(prolek) conn - Exception: You have an error in your SQL syntax; check the manual that corresponds to your MySQL server version for the right syntax to use near '' at line 1
08.02.2017 11.23.33: [0] host() conn - Exception: Table 'lfs.users' doesn't exist
08.02.2017 11.23.33: [38] ^7TPx^5°(tpx) conn - Exception: Table 'lfs.users' doesn't exist
08.02.2017 11.23.33: [27] SMAILER(smailer) conn - Exception: Table 'lfs.users' doesn't exist
